<?xml version="1.0" encoding="UTF-8"?>
<robot generator="Robot 5.0.1 (Python 3.11.0 on win32)" generated="20221229 10:52:26.246" rpa="false" schemaversion="3">
<suite id="s1" name="Code" source="c:\Users\Admin\Desktop\PYTHONCODE\robotframework1\code.robot">
<test id="s1-t1" name="Login_Test" line="9">
<kw name="Open Browser" library="SeleniumLibrary">
<arg>${url}</arg>
<arg>${browser}</arg>
<doc>Opens a new browser instance to the optional ``url``.</doc>
<msg timestamp="20221229 10:52:35.790" level="INFO">Opening browser 'chrome' to base url 'https://demo.nopcommerce.com/'.</msg>
<status status="PASS" starttime="20221229 10:52:35.790" endtime="20221229 10:53:09.029"/>
</kw>
<kw name="Maximize Browser Window" library="SeleniumLibrary">
<doc>Maximizes current browser window.</doc>
<status status="PASS" starttime="20221229 10:53:09.045" endtime="20221229 10:53:10.029"/>
</kw>
<kw name="Login_to_application">
<kw name="Click Link" library="SeleniumLibrary">
<arg>Xpath://a[contains(text(),'Log in')]</arg>
<doc>Clicks a link identified by ``locator``.</doc>
<msg timestamp="20221229 10:53:10.037" level="INFO">Clicking link 'Xpath://a[contains(text(),'Log in')]'.</msg>
<status status="PASS" starttime="20221229 10:53:10.029" endtime="20221229 10:53:19.726"/>
</kw>
<kw name="Input Text" library="SeleniumLibrary">
<arg>Xpath://input[@id='Email']</arg>
<arg>nishanarayanan685@gmail.com</arg>
<doc>Types the given ``text`` into the text field identified by ``locator``.</doc>
<msg timestamp="20221229 10:53:19.726" level="INFO">Typing text 'nishanarayanan685@gmail.com' into text field 'Xpath://input[@id='Email']'.</msg>
<status status="PASS" starttime="20221229 10:53:19.726" endtime="20221229 10:53:20.703"/>
</kw>
<kw name="Input Text" library="SeleniumLibrary">
<arg>Xpath://input[@id='Password']</arg>
<arg>ammu@14</arg>
<doc>Types the given ``text`` into the text field identified by ``locator``.</doc>
<msg timestamp="20221229 10:53:20.703" level="INFO">Typing text 'ammu@14' into text field 'Xpath://input[@id='Password']'.</msg>
<status status="PASS" starttime="20221229 10:53:20.703" endtime="20221229 10:53:23.729"/>
</kw>
<kw name="Sleep" library="BuiltIn">
<arg>5</arg>
<doc>Pauses the test executed for the given time.</doc>
<msg timestamp="20221229 10:53:28.734" level="INFO">Slept 5 seconds</msg>
<status status="PASS" starttime="20221229 10:53:23.729" endtime="20221229 10:53:28.734"/>
</kw>
<kw name="Click Element" library="SeleniumLibrary">
<arg>Xpath://button[contains(text(),'Log i')]</arg>
<doc>Click the element identified by ``locator``.</doc>
<msg timestamp="20221229 10:53:28.734" level="INFO">Clicking element 'Xpath://button[contains(text(),'Log i')]'.</msg>
<status status="PASS" starttime="20221229 10:53:28.734" endtime="20221229 10:53:29.721"/>
</kw>
<status status="PASS" starttime="20221229 10:53:10.029" endtime="20221229 10:53:29.721"/>
</kw>
<status status="PASS" starttime="20221229 10:52:35.782" endtime="20221229 10:53:29.721"/>
</test>
<status status="PASS" starttime="20221229 10:52:26.452" endtime="20221229 10:53:29.721"/>
</suite>
<statistics>
<total>
<stat pass="1" fail="0" skip="0">All Tests</stat>
</total>
<tag>
</tag>
<suite>
<stat pass="1" fail="0" skip="0" id="s1" name="Code">Code</stat>
</suite>
</statistics>
<errors>
</errors>
</robot>
